[2015-10-12 11:26:55] myapp.INFO: Matched route "POST_mail". {"route_parameters":{"_controller":"[object] (Closure: {})","_route":"POST_mail"},"request_uri":"http://ush.dmclub.net/mail"} []
[2015-10-12 11:26:55] myapp.INFO: > POST /mail [] []
[2015-10-12 11:26:55] myapp.DEBUG: Message sent by Array [] []
[2015-10-12 11:26:55] myapp.INFO: < 200 [] []
[2015-10-12 12:13:21] myapp.INFO: Matched route "POST_mail". {"route_parameters":{"_controller":"[object] (Closure: {})","_route":"POST_mail"},"request_uri":"http://ush.dmclub.net/mail"} []
[2015-10-12 12:13:21] myapp.INFO: > POST /mail [] []
[2015-10-12 12:13:21] myapp.DEBUG: Message sent by Array [] []
[2015-10-12 12:13:21] myapp.INFO: < 200 [] []
[2015-10-12 12:14:14] myapp.INFO: Matched route "POST_mail". {"route_parameters":{"_controller":"[object] (Closure: {})","_route":"POST_mail"},"request_uri":"http://ush.dmclub.net/mail"} []
[2015-10-12 12:14:14] myapp.INFO: > POST /mail [] []
[2015-10-12 12:14:14] myapp.DEBUG: Message sent by Array [] []
[2015-10-12 12:14:14] myapp.INFO: < 200 [] []
[2015-10-12 12:14:48] myapp.INFO: Matched route "POST_mail". {"route_parameters":{"_controller":"[object] (Closure: {})","_route":"POST_mail"},"request_uri":"http://ush.dmclub.net/mail"} []
[2015-10-12 12:14:48] myapp.INFO: > POST /mail [] []
[2015-10-12 12:14:48] myapp.DEBUG: Message sent by Array [] []
[2015-10-12 12:14:48] myapp.INFO: < 200 [] []
[2015-10-12 12:15:09] myapp.INFO: Matched route "POST_mail". {"route_parameters":{"_controller":"[object] (Closure: {})","_route":"POST_mail"},"request_uri":"http://ush.dmclub.net/mail"} []
[2015-10-12 12:15:09] myapp.INFO: > POST /mail [] []
[2015-10-12 12:15:09] myapp.DEBUG: Message sent by Array [] []
[2015-10-12 12:15:09] myapp.INFO: < 200 [] []
[2015-10-12 12:16:49] myapp.INFO: Matched route "POST_mail". {"route_parameters":{"_controller":"[object] (Closure: {})","_route":"POST_mail"},"request_uri":"http://ush.dmclub.net/mail"} []
[2015-10-12 12:16:49] myapp.INFO: > POST /mail [] []
[2015-10-12 12:16:49] myapp.DEBUG: Message sent by Array [] []
[2015-10-12 12:16:49] myapp.INFO: < 200 [] []
[2015-10-12 12:16:56] myapp.INFO: Matched route "POST_mail". {"route_parameters":{"_controller":"[object] (Closure: {})","_route":"POST_mail"},"request_uri":"http://ush.dmclub.net/mail"} []
[2015-10-12 12:16:56] myapp.INFO: > POST /mail [] []
[2015-10-12 12:16:56] myapp.DEBUG: Message sent by Array [] []
[2015-10-12 12:16:56] myapp.INFO: < 200 [] []
[2015-10-12 12:17:27] myapp.INFO: Matched route "POST_mail". {"route_parameters":{"_controller":"[object] (Closure: {})","_route":"POST_mail"},"request_uri":"http://ush.dmclub.net/mail"} []
[2015-10-12 12:17:27] myapp.INFO: > POST /mail [] []
[2015-10-12 12:17:27] myapp.DEBUG: Message sent by Array [] []
[2015-10-12 12:17:27] myapp.INFO: < 200 [] []
[2015-10-12 12:18:08] myapp.ERROR: Symfony\Component\HttpKernel\Exception\NotFoundHttpException: No route found for "GET /favicon.ico" (uncaught exception) at /home/sites/unified-solutions-hub.dmclub.net/www/vendor/symfony/http-kernel/EventListener/RouterListener.php line 159 {"exception":"[object] (Symfony\\Component\\HttpKernel\\Exception\\NotFoundHttpException(code: 0): No route found for \"GET /favicon.ico\" at /home/sites/unified-solutions-hub.dmclub.net/www/vendor/symfony/http-kernel/EventListener/RouterListener.php:159, Symfony\\Component\\Routing\\Exception\\ResourceNotFoundException(code: 0): No routes found for \"/favicon.ico\". at /home/sites/unified-solutions-hub.dmclub.net/www/vendor/symfony/routing/Matcher/UrlMatcher.php:102)"} []
[2015-10-12 12:18:08] myapp.INFO: < 404 [] []
[2015-10-12 12:18:47] myapp.INFO: Matched route "POST_mail". {"route_parameters":{"_controller":"[object] (Closure: {})","_route":"POST_mail"},"request_uri":"http://ush.dmclub.net/mail"} []
[2015-10-12 12:18:47] myapp.INFO: > POST /mail [] []
[2015-10-12 12:18:47] myapp.DEBUG: Message sent by Array [] []
[2015-10-12 12:18:47] myapp.INFO: < 200 [] []
[2015-10-12 12:21:16] myapp.INFO: Matched route "POST_mail". {"route_parameters":{"_controller":"[object] (Closure: {})","_route":"POST_mail"},"request_uri":"http://ush.dmclub.net/mail"} []
[2015-10-12 12:21:16] myapp.INFO: > POST /mail [] []
[2015-10-12 12:21:16] myapp.DEBUG: Message sent by Array [] []
[2015-10-12 12:21:16] myapp.INFO: < 200 [] []
[2015-10-12 12:21:44] myapp.INFO: Matched route "POST_mail". {"route_parameters":{"_controller":"[object] (Closure: {})","_route":"POST_mail"},"request_uri":"http://ush.dmclub.net/mail"} []
[2015-10-12 12:21:44] myapp.INFO: > POST /mail [] []
[2015-10-12 12:21:44] myapp.DEBUG: Message sent by Array [] []
[2015-10-12 12:21:44] myapp.INFO: < 200 [] []
[2015-10-12 12:30:29] myapp.INFO: Matched route "POST_mail". {"route_parameters":{"_controller":"[object] (Closure: {})","_route":"POST_mail"},"request_uri":"http://ush.dmclub.net/mail"} []
[2015-10-12 12:30:29] myapp.INFO: > POST /mail [] []
[2015-10-12 12:30:29] myapp.DEBUG: Message sent by Array [] []
[2015-10-12 12:30:29] myapp.INFO: < 200 [] []
[2015-10-12 12:31:15] myapp.INFO: Matched route "POST_mail". {"route_parameters":{"_controller":"[object] (Closure: {})","_route":"POST_mail"},"request_uri":"http://ush.dmclub.net/mail"} []
[2015-10-12 12:31:15] myapp.INFO: > POST /mail [] []
[2015-10-12 12:31:15] myapp.DEBUG: Message sent by Array [] []
[2015-10-12 12:31:15] myapp.INFO: < 200 [] []
[2015-10-12 12:31:50] myapp.INFO: Matched route "POST_mail". {"route_parameters":{"_controller":"[object] (Closure: {})","_route":"POST_mail"},"request_uri":"http://ush.dmclub.net/mail"} []
[2015-10-12 12:31:50] myapp.INFO: > POST /mail [] []
[2015-10-12 12:31:50] myapp.DEBUG: Message sent by Array [] []
[2015-10-12 12:31:50] myapp.INFO: < 200 [] []
[2015-10-12 12:35:57] myapp.INFO: Matched route "POST_mail". {"route_parameters":{"_controller":"[object] (Closure: {})","_route":"POST_mail"},"request_uri":"http://ush.dmclub.net/mail"} []
[2015-10-12 12:35:57] myapp.INFO: > POST /mail [] []
[2015-10-12 12:35:57] myapp.CRITICAL: Swift_RfcComplianceException: Address in mailbox given [] does not comply with RFC 2822, 3.6.2. (uncaught exception) at /home/sites/unified-solutions-hub.dmclub.net/www/vendor/swiftmailer/swiftmailer/lib/classes/Swift/Mime/Headers/MailboxHeader.php line 348 {"exception":"[object] (Swift_RfcComplianceException(code: 0): Address in mailbox given [] does not comply with RFC 2822, 3.6.2. at /home/sites/unified-solutions-hub.dmclub.net/www/vendor/swiftmailer/swiftmailer/lib/classes/Swift/Mime/Headers/MailboxHeader.php:348)"} []
[2015-10-12 12:35:57] myapp.INFO: < 500 [] []
[2015-10-12 12:36:23] myapp.INFO: Matched route "POST_mail". {"route_parameters":{"_controller":"[object] (Closure: {})","_route":"POST_mail"},"request_uri":"http://ush.dmclub.net/mail"} []
[2015-10-12 12:36:23] myapp.INFO: > POST /mail [] []
[2015-10-12 12:36:23] myapp.CRITICAL: Swift_RfcComplianceException: Address in mailbox given [] does not comply with RFC 2822, 3.6.2. (uncaught exception) at /home/sites/unified-solutions-hub.dmclub.net/www/vendor/swiftmailer/swiftmailer/lib/classes/Swift/Mime/Headers/MailboxHeader.php line 348 {"exception":"[object] (Swift_RfcComplianceException(code: 0): Address in mailbox given [] does not comply with RFC 2822, 3.6.2. at /home/sites/unified-solutions-hub.dmclub.net/www/vendor/swiftmailer/swiftmailer/lib/classes/Swift/Mime/Headers/MailboxHeader.php:348)"} []
[2015-10-12 12:36:23] myapp.INFO: < 500 [] []
[2015-10-12 12:38:09] myapp.INFO: Matched route "POST_mail". {"route_parameters":{"_controller":"[object] (Closure: {})","_route":"POST_mail"},"request_uri":"http://ush.dmclub.net/mail"} []
[2015-10-12 12:38:09] myapp.INFO: > POST /mail [] []
[2015-10-12 12:38:09] myapp.CRITICAL: Swift_RfcComplianceException: Address in mailbox given [] does not comply with RFC 2822, 3.6.2. (uncaught exception) at /home/sites/unified-solutions-hub.dmclub.net/www/vendor/swiftmailer/swiftmailer/lib/classes/Swift/Mime/Headers/MailboxHeader.php line 348 {"exception":"[object] (Swift_RfcComplianceException(code: 0): Address in mailbox given [] does not comply with RFC 2822, 3.6.2. at /home/sites/unified-solutions-hub.dmclub.net/www/vendor/swiftmailer/swiftmailer/lib/classes/Swift/Mime/Headers/MailboxHeader.php:348)"} []
[2015-10-12 12:38:09] myapp.INFO: < 500 [] []
[2015-10-12 12:39:06] myapp.INFO: Matched route "home". {"route_parameters":{"_controller":"[object] (Closure: {})","_route":"home"},"request_uri":"http://unified-solutions-hub.dmclub.net/"} []
[2015-10-12 12:39:06] myapp.INFO: > GET / [] []
[2015-10-12 12:39:06] myapp.INFO: < 200 [] []
[2015-10-12 12:39:07] myapp.ERROR: Symfony\Component\HttpKernel\Exception\NotFoundHttpException: No route found for "GET /favicon.ico" (uncaught exception) at /home/sites/unified-solutions-hub.dmclub.net/www/vendor/symfony/http-kernel/EventListener/RouterListener.php line 159 {"exception":"[object] (Symfony\\Component\\HttpKernel\\Exception\\NotFoundHttpException(code: 0): No route found for \"GET /favicon.ico\" at /home/sites/unified-solutions-hub.dmclub.net/www/vendor/symfony/http-kernel/EventListener/RouterListener.php:159, Symfony\\Component\\Routing\\Exception\\ResourceNotFoundException(code: 0): No routes found for \"/favicon.ico\". at /home/sites/unified-solutions-hub.dmclub.net/www/vendor/symfony/routing/Matcher/UrlMatcher.php:102)"} []
[2015-10-12 12:39:07] myapp.INFO: < 404 [] []
[2015-10-12 12:39:17] myapp.INFO: Matched route "POST_mail". {"route_parameters":{"_controller":"[object] (Closure: {})","_route":"POST_mail"},"request_uri":"http://ush.dmclub.net/mail"} []
[2015-10-12 12:39:17] myapp.INFO: > POST /mail [] []
[2015-10-12 12:39:17] myapp.INFO: < 200 [] []
[2015-10-12 12:39:25] myapp.INFO: Matched route "POST_mail". {"route_parameters":{"_controller":"[object] (Closure: {})","_route":"POST_mail"},"request_uri":"http://ush.dmclub.net/mail"} []
[2015-10-12 12:39:25] myapp.INFO: > POST /mail [] []
[2015-10-12 12:39:25] myapp.INFO: < 200 [] []
[2015-10-12 12:43:34] myapp.INFO: Matched route "POST_mail". {"route_parameters":{"_controller":"[object] (Closure: {})","_route":"POST_mail"},"request_uri":"http://ush.dmclub.net/mail"} []
[2015-10-12 12:43:34] myapp.INFO: > POST /mail [] []
[2015-10-12 12:43:34] myapp.CRITICAL: Swift_RfcComplianceException: Address in mailbox given [] does not comply with RFC 2822, 3.6.2. (uncaught exception) at /home/sites/unified-solutions-hub.dmclub.net/www/vendor/swiftmailer/swiftmailer/lib/classes/Swift/Mime/Headers/MailboxHeader.php line 348 {"exception":"[object] (Swift_RfcComplianceException(code: 0): Address in mailbox given [] does not comply with RFC 2822, 3.6.2. at /home/sites/unified-solutions-hub.dmclub.net/www/vendor/swiftmailer/swiftmailer/lib/classes/Swift/Mime/Headers/MailboxHeader.php:348)"} []
[2015-10-12 12:43:34] myapp.INFO: < 500 [] []
[2015-10-12 13:01:25] myapp.INFO: Matched route "POST_mail". {"route_parameters":{"_controller":"[object] (Closure: {})","_route":"POST_mail"},"request_uri":"http://ush.dmclub.net/mail"} []
[2015-10-12 13:01:25] myapp.INFO: > POST /mail [] []
[2015-10-12 13:01:26] myapp.INFO: < 200 [] []
[2015-10-12 13:03:15] myapp.INFO: Matched route "mail". {"route_parameters":{"_controller":"[object] (Closure: {})","_route":"mail"},"request_uri":"http://ush.dmclub.net/mail"} []
[2015-10-12 13:03:15] myapp.INFO: > GET /mail [] []
[2015-10-12 13:03:15] myapp.INFO: < 200 [] []
[2015-10-12 13:03:25] myapp.INFO: Matched route "POST_mail". {"route_parameters":{"_controller":"[object] (Closure: {})","_route":"POST_mail"},"request_uri":"http://ush.dmclub.net/mail"} []
[2015-10-12 13:03:25] myapp.INFO: > POST /mail [] []
[2015-10-12 13:03:25] myapp.CRITICAL: Swift_RfcComplianceException: Address in mailbox given [] does not comply with RFC 2822, 3.6.2. (uncaught exception) at /home/sites/unified-solutions-hub.dmclub.net/www/vendor/swiftmailer/swiftmailer/lib/classes/Swift/Mime/Headers/MailboxHeader.php line 348 {"exception":"[object] (Swift_RfcComplianceException(code: 0): Address in mailbox given [] does not comply with RFC 2822, 3.6.2. at /home/sites/unified-solutions-hub.dmclub.net/www/vendor/swiftmailer/swiftmailer/lib/classes/Swift/Mime/Headers/MailboxHeader.php:348)"} []
[2015-10-12 13:03:25] myapp.INFO: < 500 [] []
[2015-10-12 13:04:57] myapp.INFO: Matched route "mail". {"route_parameters":{"_controller":"[object] (Closure: {})","_route":"mail"},"request_uri":"http://ush.dmclub.net/mail"} []
[2015-10-12 13:04:57] myapp.INFO: > GET /mail [] []
[2015-10-12 13:04:57] myapp.INFO: < 200 [] []
[2015-10-12 13:05:21] myapp.INFO: Matched route "mail". {"route_parameters":{"_controller":"[object] (Closure: {})","_route":"mail"},"request_uri":"http://ush.dmclub.net/mail"} []
[2015-10-12 13:05:21] myapp.INFO: > GET /mail [] []
[2015-10-12 13:05:21] myapp.INFO: < 200 [] []
[2015-10-12 13:05:43] myapp.INFO: Matched route "POST_mail". {"route_parameters":{"_controller":"[object] (Closure: {})","_route":"POST_mail"},"request_uri":"http://ush.dmclub.net/mail"} []
[2015-10-12 13:05:43] myapp.INFO: > POST /mail [] []
[2015-10-12 13:05:43] myapp.CRITICAL: Swift_RfcComplianceException: Address in mailbox given [] does not comply with RFC 2822, 3.6.2. (uncaught exception) at /home/sites/unified-solutions-hub.dmclub.net/www/vendor/swiftmailer/swiftmailer/lib/classes/Swift/Mime/Headers/MailboxHeader.php line 348 {"exception":"[object] (Swift_RfcComplianceException(code: 0): Address in mailbox given [] does not comply with RFC 2822, 3.6.2. at /home/sites/unified-solutions-hub.dmclub.net/www/vendor/swiftmailer/swiftmailer/lib/classes/Swift/Mime/Headers/MailboxHeader.php:348)"} []
[2015-10-12 13:05:43] myapp.INFO: < 500 [] []
[2015-10-12 13:06:44] myapp.INFO: Matched route "POST_mail". {"route_parameters":{"_controller":"[object] (Closure: {})","_route":"POST_mail"},"request_uri":"http://ush.dmclub.net/mail"} []
[2015-10-12 13:06:44] myapp.INFO: > POST /mail [] []
[2015-10-12 13:06:44] myapp.INFO: < 200 [] []
[2015-10-12 13:07:35] myapp.INFO: Matched route "POST_mail". {"route_parameters":{"_controller":"[object] (Closure: {})","_route":"POST_mail"},"request_uri":"http://ush.dmclub.net/mail"} []
[2015-10-12 13:07:35] myapp.INFO: > POST /mail [] []
[2015-10-12 13:07:35] myapp.INFO: < 200 [] []
[2015-10-12 14:33:08] myapp.INFO: Matched route "POST_mail". {"route_parameters":{"_controller":"[object] (Closure: {})","_route":"POST_mail"},"request_uri":"http://ush.dmclub.net/mail"} []
[2015-10-12 14:33:08] myapp.INFO: > POST /mail [] []
[2015-10-12 14:33:08] myapp.INFO: < 200 [] []
[2015-10-12 16:10:56] myapp.INFO: Matched route "POST_mail". {"route_parameters":{"_controller":"[object] (Closure: {})","_route":"POST_mail"},"request_uri":"http://ush.dmclub.net/mail"} []
[2015-10-12 16:10:56] myapp.INFO: > POST /mail [] []
[2015-10-12 16:10:56] myapp.INFO: < 200 [] []
[2015-10-12 16:11:42] myapp.INFO: Matched route "POST_mail". {"route_parameters":{"_controller":"[object] (Closure: {})","_route":"POST_mail"},"request_uri":"http://ush.dmclub.net/mail"} []
[2015-10-12 16:11:42] myapp.INFO: > POST /mail [] []
[2015-10-12 16:11:42] myapp.INFO: < 200 [] []
[2015-10-12 16:13:17] myapp.INFO: Matched route "POST_mail". {"route_parameters":{"_controller":"[object] (Closure: {})","_route":"POST_mail"},"request_uri":"http://ush.dmclub.net/mail"} []
[2015-10-12 16:13:17] myapp.INFO: > POST /mail [] []
[2015-10-12 16:13:18] myapp.INFO: < 200 [] []
[2015-10-12 16:17:16] myapp.INFO: Matched route "POST_mail". {"route_parameters":{"_controller":"[object] (Closure: {})","_route":"POST_mail"},"request_uri":"http://ush.dmclub.net/mail"} []
[2015-10-12 16:17:16] myapp.INFO: > POST /mail [] []
[2015-10-12 16:17:16] myapp.INFO: < 200 [] []
[2015-10-12 16:20:17] myapp.INFO: Matched route "POST_mail". {"route_parameters":{"_controller":"[object] (Closure: {})","_route":"POST_mail"},"request_uri":"http://ush.dmclub.net/mail"} []
[2015-10-12 16:20:17] myapp.INFO: > POST /mail [] []
[2015-10-12 16:20:17] myapp.CRITICAL: Swift_RfcComplianceException: Address in mailbox given [rirhennerverlvere] does not comply with RFC 2822, 3.6.2. (uncaught exception) at /home/sites/unified-solutions-hub.dmclub.net/www/vendor/swiftmailer/swiftmailer/lib/classes/Swift/Mime/Headers/MailboxHeader.php line 348 {"exception":"[object] (Swift_RfcComplianceException(code: 0): Address in mailbox given [rirhennerverlvere] does not comply with RFC 2822, 3.6.2. at /home/sites/unified-solutions-hub.dmclub.net/www/vendor/swiftmailer/swiftmailer/lib/classes/Swift/Mime/Headers/MailboxHeader.php:348)"} []
[2015-10-12 16:20:17] myapp.INFO: < 500 [] []
[2015-10-12 16:29:16] myapp.INFO: Matched route "POST_mail". {"route_parameters":{"_controller":"[object] (Closure: {})","_route":"POST_mail"},"request_uri":"http://ush.dmclub.net/mail"} []
[2015-10-12 16:29:16] myapp.INFO: > POST /mail [] []
[2015-10-12 16:29:16] myapp.CRITICAL: Swift_RfcComplianceException: Address in mailbox given [rirhennerverlvere] does not comply with RFC 2822, 3.6.2. (uncaught exception) at /home/sites/unified-solutions-hub.dmclub.net/www/vendor/swiftmailer/swiftmailer/lib/classes/Swift/Mime/Headers/MailboxHeader.php line 348 {"exception":"[object] (Swift_RfcComplianceException(code: 0): Address in mailbox given [rirhennerverlvere] does not comply with RFC 2822, 3.6.2. at /home/sites/unified-solutions-hub.dmclub.net/www/vendor/swiftmailer/swiftmailer/lib/classes/Swift/Mime/Headers/MailboxHeader.php:348)"} []
[2015-10-12 16:29:16] myapp.INFO: < 500 [] []
[2015-10-12 16:29:33] myapp.INFO: Matched route "POST_mail". {"route_parameters":{"_controller":"[object] (Closure: {})","_route":"POST_mail"},"request_uri":"http://ush.dmclub.net/mail"} []
[2015-10-12 16:29:33] myapp.INFO: > POST /mail [] []
[2015-10-12 16:29:33] myapp.CRITICAL: Swift_RfcComplianceException: Address in mailbox given [rirhennerverlvere] does not comply with RFC 2822, 3.6.2. (uncaught exception) at /home/sites/unified-solutions-hub.dmclub.net/www/vendor/swiftmailer/swiftmailer/lib/classes/Swift/Mime/Headers/MailboxHeader.php line 348 {"exception":"[object] (Swift_RfcComplianceException(code: 0): Address in mailbox given [rirhennerverlvere] does not comply with RFC 2822, 3.6.2. at /home/sites/unified-solutions-hub.dmclub.net/www/vendor/swiftmailer/swiftmailer/lib/classes/Swift/Mime/Headers/MailboxHeader.php:348)"} []
[2015-10-12 16:29:33] myapp.INFO: < 500 [] []
[2015-10-12 16:29:47] myapp.INFO: Matched route "POST_mail". {"route_parameters":{"_controller":"[object] (Closure: {})","_route":"POST_mail"},"request_uri":"http://ush.dmclub.net/mail"} []
[2015-10-12 16:29:47] myapp.INFO: > POST /mail [] []
[2015-10-12 16:29:47] myapp.CRITICAL: Swift_RfcComplianceException: Address in mailbox given [rirhennerverlvere] does not comply with RFC 2822, 3.6.2. (uncaught exception) at /home/sites/unified-solutions-hub.dmclub.net/www/vendor/swiftmailer/swiftmailer/lib/classes/Swift/Mime/Headers/MailboxHeader.php line 348 {"exception":"[object] (Swift_RfcComplianceException(code: 0): Address in mailbox given [rirhennerverlvere] does not comply with RFC 2822, 3.6.2. at /home/sites/unified-solutions-hub.dmclub.net/www/vendor/swiftmailer/swiftmailer/lib/classes/Swift/Mime/Headers/MailboxHeader.php:348)"} []
[2015-10-12 16:29:47] myapp.INFO: < 500 [] []
[2015-10-12 16:31:51] myapp.INFO: Matched route "POST_mail". {"route_parameters":{"_controller":"[object] (Closure: {})","_route":"POST_mail"},"request_uri":"http://ush.dmclub.net/mail"} []
[2015-10-12 16:31:51] myapp.INFO: > POST /mail [] []
[2015-10-12 16:31:51] myapp.CRITICAL: Swift_RfcComplianceException: Address in mailbox given [rirhennerverlvere] does not comply with RFC 2822, 3.6.2. (uncaught exception) at /home/sites/unified-solutions-hub.dmclub.net/www/vendor/swiftmailer/swiftmailer/lib/classes/Swift/Mime/Headers/MailboxHeader.php line 348 {"exception":"[object] (Swift_RfcComplianceException(code: 0): Address in mailbox given [rirhennerverlvere] does not comply with RFC 2822, 3.6.2. at /home/sites/unified-solutions-hub.dmclub.net/www/vendor/swiftmailer/swiftmailer/lib/classes/Swift/Mime/Headers/MailboxHeader.php:348)"} []
[2015-10-12 16:31:51] myapp.INFO: < 500 [] []
[2015-10-12 16:33:07] myapp.INFO: Matched route "POST_mail". {"route_parameters":{"_controller":"[object] (Closure: {})","_route":"POST_mail"},"request_uri":"http://ush.dmclub.net/mail"} []
[2015-10-12 16:33:07] myapp.INFO: > POST /mail [] []
[2015-10-12 16:33:07] myapp.CRITICAL: Swift_RfcComplianceException: Address in mailbox given [rirhennerverlvere] does not comply with RFC 2822, 3.6.2. (uncaught exception) at /home/sites/unified-solutions-hub.dmclub.net/www/vendor/swiftmailer/swiftmailer/lib/classes/Swift/Mime/Headers/MailboxHeader.php line 348 {"exception":"[object] (Swift_RfcComplianceException(code: 0): Address in mailbox given [rirhennerverlvere] does not comply with RFC 2822, 3.6.2. at /home/sites/unified-solutions-hub.dmclub.net/www/vendor/swiftmailer/swiftmailer/lib/classes/Swift/Mime/Headers/MailboxHeader.php:348)"} []
[2015-10-12 16:33:07] myapp.INFO: < 500 [] []
[2015-10-12 16:34:10] myapp.INFO: Matched route "POST_mail". {"route_parameters":{"_controller":"[object] (Closure: {})","_route":"POST_mail"},"request_uri":"http://ush.dmclub.net/mail"} []
[2015-10-12 16:34:10] myapp.INFO: > POST /mail [] []
[2015-10-12 16:34:10] myapp.CRITICAL: Swift_RfcComplianceException: Address in mailbox given [rirhennerverlvere] does not comply with RFC 2822, 3.6.2. (uncaught exception) at /home/sites/unified-solutions-hub.dmclub.net/www/vendor/swiftmailer/swiftmailer/lib/classes/Swift/Mime/Headers/MailboxHeader.php line 348 {"exception":"[object] (Swift_RfcComplianceException(code: 0): Address in mailbox given [rirhennerverlvere] does not comply with RFC 2822, 3.6.2. at /home/sites/unified-solutions-hub.dmclub.net/www/vendor/swiftmailer/swiftmailer/lib/classes/Swift/Mime/Headers/MailboxHeader.php:348)"} []
[2015-10-12 16:34:10] myapp.INFO: < 500 [] []
[2015-10-12 16:34:35] myapp.INFO: Matched route "POST_mail". {"route_parameters":{"_controller":"[object] (Closure: {})","_route":"POST_mail"},"request_uri":"http://ush.dmclub.net/mail"} []
[2015-10-12 16:34:35] myapp.INFO: > POST /mail [] []
[2015-10-12 16:34:35] myapp.CRITICAL: Swift_RfcComplianceException: Address in mailbox given [rirhennerverlvere] does not comply with RFC 2822, 3.6.2. (uncaught exception) at /home/sites/unified-solutions-hub.dmclub.net/www/vendor/swiftmailer/swiftmailer/lib/classes/Swift/Mime/Headers/MailboxHeader.php line 348 {"exception":"[object] (Swift_RfcComplianceException(code: 0): Address in mailbox given [rirhennerverlvere] does not comply with RFC 2822, 3.6.2. at /home/sites/unified-solutions-hub.dmclub.net/www/vendor/swiftmailer/swiftmailer/lib/classes/Swift/Mime/Headers/MailboxHeader.php:348)"} []
[2015-10-12 16:34:35] myapp.INFO: < 500 [] []
[2015-10-12 16:34:56] myapp.INFO: Matched route "POST_mail". {"route_parameters":{"_controller":"[object] (Closure: {})","_route":"POST_mail"},"request_uri":"http://ush.dmclub.net/mail"} []
[2015-10-12 16:34:56] myapp.INFO: > POST /mail [] []
[2015-10-12 16:34:56] myapp.CRITICAL: Swift_RfcComplianceException: Address in mailbox given [rirhennerverlvere] does not comply with RFC 2822, 3.6.2. (uncaught exception) at /home/sites/unified-solutions-hub.dmclub.net/www/vendor/swiftmailer/swiftmailer/lib/classes/Swift/Mime/Headers/MailboxHeader.php line 348 {"exception":"[object] (Swift_RfcComplianceException(code: 0): Address in mailbox given [rirhennerverlvere] does not comply with RFC 2822, 3.6.2. at /home/sites/unified-solutions-hub.dmclub.net/www/vendor/swiftmailer/swiftmailer/lib/classes/Swift/Mime/Headers/MailboxHeader.php:348)"} []
[2015-10-12 16:34:56] myapp.INFO: < 500 [] []
